Test MAIN on dataset: /data/jjh_backup/1_3/testset/Set5
1.png : [34.5246328  34.59047667 34.5669955  34.6188878  34.57473054 34.66431287]
2.png : [31.46198793 31.51578941 31.58727894 31.61521197 31.53618243 31.72647659]
3.png : [40.21649741 40.31749373 40.23152159 40.18047229 40.26571341 40.3505392 ]
4.png : [34.53728919 34.52768338 34.53498917 34.52400983 34.56356581 34.56016882]
5.png : [37.16047974 37.17379327 37.15126195 37.14830108 37.18401098 37.18954955]
Average PSNRs
[35.58017741 35.62504729 35.61440943 35.6173766  35.62484064 35.6982094 ]
Test MAIN on dataset: /data/jjh_backup/1_3/testset/Set15
5.png : [27.44129526 27.19876476 27.09639122 27.33485784 27.3868266  27.41123685]
1.png : [30.9594423  31.03067    31.14216464 31.03359493 31.20104369 31.14671649]
10.png : [35.67823022 35.65419657 35.75819974 35.8021654  35.77953716 35.89801465]
11.png : [33.14308148 33.19441824 33.07264442 33.21880846 33.04524038 33.17485934]
12.png : [31.96777648 31.99587913 32.05894659 32.22139917 31.96769734 32.11988054]
13.png : [32.65492911 32.71383347 32.75677803 32.71899227 32.76720688 32.79284732]
14.png : [37.75410762 37.83186883 37.81099576 37.90149706 37.99944899 38.0108437 ]
15.png : [31.70677191 31.54613851 31.60184805 31.71752713 31.69020647 31.71127563]
2.png : [23.25699262 23.27080693 23.22132607 23.3436958  23.34463402 23.32402374]
3.png : [26.29006762 24.30529772 25.12075816 24.26877913 25.43790354 25.68690232]
4.png : [27.56482532 27.67916088 27.621936   27.6331224  27.75485669 27.76800064]
6.png : [32.40502627 32.2329403  32.44296209 32.48163193 32.54793843 32.49168364]
7.png : [24.59051428 24.74767592 24.7536651  24.75617228 24.89567264 24.95447603]
8.png : [35.54934244 35.56918624 35.60234789 35.62546077 35.61353976 35.65309217]
9.png : [28.70630561 28.86168201 29.1396491  29.64262362 28.81653499 29.28114257]
Average PSNRs
[30.64458057 30.52216797 30.61337419 30.64668854 30.68321917 30.76166638]
Test MAIN on dataset: /data/jjh_backup/1_3/testset/Set18
1.bmp : [28.97350783 29.01200836 29.03296689 29.10795197 29.16364152 29.09853489]
10.bmp : [38.80874615 38.77462606 38.82269648 38.81525047 38.88180135 38.94046033]
11.bmp : [34.54754616 34.53874426 34.52746182 34.56102098 34.56076159 34.57236461]
12.bmp : [35.41697936 35.47073251 35.49898658 35.64863095 35.72799037 35.69539708]
13.bmp : [32.17195315 32.29844661 32.22594138 32.43864422 32.64603839 32.71240806]
17.bmp : [33.45798292 33.38793997 33.36134691 33.48395476 33.48321393 33.60288373]
4.bmp : [31.46198793 31.51578941 31.58727894 31.61521197 31.53618243 31.72647659]
5.bmp : [27.44129526 27.19876476 27.09639122 27.33485784 27.3868266  27.41123685]
7.bmp : [34.77052177 34.95895165 34.72452352 34.84189405 34.73772955 34.89431944]
8.bmp : [25.38101918 26.32070426 26.077332   26.32727142 26.43309585 26.47693257]
9.bmp : [29.35446837 29.37281746 29.30552591 29.37332817 29.35855898 29.40060442]
14.bmp : [35.51962227 35.53747673 35.57436121 35.59447987 35.58530912 35.62481963]
15.bmp : [28.01524279 28.02050305 27.99689589 28.14307901 28.14097052 28.1733354]
16.bmp : [29.44287234 29.32667318 29.46149552 29.53573215 29.46938205 29.56050484]
18.bmp : [26.30439249 26.2763222  26.31071015 26.32083211 26.32771635 26.33778931]
2.bmp : [22.61294009 22.66016697 22.52220947 22.61348861 22.78348316 22.76885565]
3.bmp : [29.41336414 29.35349849 29.32237458 29.50873297 29.47798271 29.52048315]
6.bmp : [34.54028503 34.5450528  34.54276557 34.58848679 34.61648598 34.61043317]
Average PSNRs
[30.97970707 31.03162326 30.99951467 31.10293602 31.12873169 31.17376887]
Test MAIN on dataset: /data/jjh_backup/1_3/testset/Urban12
1.png : [29.80850069 30.09885151 30.18794394 30.29624078 30.38425774 30.63600204]
10.png : [28.61311062 28.8327316  29.01927252 28.71183865 28.69848269 28.98938901]
11.png : [27.24540876 27.65829952 27.81595399 27.78521456 27.91940763 27.94075997]
12.png : [26.15297751 26.23032268 26.37052375 26.55674154 26.44417403 26.61554764]
2.png : [37.73835493 37.76412632 37.84336398 37.79574634 37.98989741 38.00589043]
3.png : [30.09677225 30.26522869 30.07475322 30.43403703 30.04196475 30.62194986]
4.png : [23.33398132 23.3256392  23.28090783 23.67990392 23.22450159 23.67782902]
5.png : [25.97108642 25.9406701  26.09292159 26.14649404 26.17471765 26.37776831]
6.png : [25.62229893 25.47869669 25.51024278 25.83819321 25.87993542 25.90730505]
7.png : [23.19524156 23.40774391 23.57414811 23.33135053 23.52735079 23.54069045]
8.png : [22.06084043 22.25168774 22.30713408 22.41768772 22.16284845 22.62953899]
9.png : [27.8766882  28.16916625 27.84900898 27.92088213 28.04202259 28.26355877]
Average PSNRs
[27.30960513 27.45193035 27.4938479  27.5761942  27.54079673 27.76718579]
Test MAIN on dataset: /data/jjh_backup/1_3/testset/Urban100
66.png : [26.08572393 26.48126265 26.55504824 26.42473336 26.44884203 26.66757097]
100.png : [29.37399476 29.45591717 29.11719766 30.3460466  29.80754727 29.94102957]
69.png : [28.21090667 28.13575492 28.24269976 28.26592231 28.23638502 28.32407461]
11.png : [23.27867555 25.47349835 24.74906552 24.71873493 24.16730047 25.39402165]
8.png : [25.91526236 26.00108183 26.02595604 26.15229413 26.1216388  26.29919868]
12.png : [26.75632202 26.70551076 27.14268306 27.00354357 26.3729146  27.09123575]
81.png : [40.87536222 41.36389104 41.53712114 41.03508091 41.47990274 41.66604516]
14.png : [25.77066378 25.86322609 25.87604253 25.97094486 26.01386841 26.09638537]
13.png : [33.1969216  33.21181876 33.11642353 33.16583446 33.22088859 33.38514055]
80.png : [38.66666527 38.97423586 38.59255677 38.59111    38.63663835 38.87727071]
15.png : [30.13488541 30.1638277  30.21790473 30.34519064 30.3138802  30.43551483]
82.png : [37.78602573 37.81296118 37.85598193 37.87083968 37.88714379 38.00034696]
16.png : [35.22763214 35.06502815 35.35477044 35.58969292 35.6343458  35.59357751]
83.png : [25.36968327 25.44792894 25.44392564 25.46398059 25.45522858 25.64612338]
17.png : [30.57524822 30.59196694 30.57922371 30.90394249 30.79576895 30.87836586]
84.png : [32.59112878 32.75701936 33.07944715 32.84228508 32.48925295 32.99366906]
18.png : [28.37291658 28.34878107 28.34523171 28.41776068 28.44469531 28.41811366]
85.png : [32.4723118  32.46230344 32.55138692 32.67437761 32.56000875 32.7152754 ]
19.png : [26.38005639 26.45160379 26.55819013 26.66492506 26.69828361 26.87574401]
88.png : [22.03260604 22.05035492 22.07596719 22.09509344 22.08980927 22.17907579]
2.png : [32.01834622 32.19984808 32.04477568 32.27689249 32.31405793 32.38013445]
86.png : [35.2195844  35.23782091 35.38853258 35.44863969 35.41140268 35.52256234]
9.png : [37.95023945 37.59262322 38.43457237 37.7629504  38.70728057 38.52418123]
89.png : [30.13253549 30.15008602 30.16674045 30.20213848 30.28612639 30.28696403]
21.png : [32.05922844 32.20134223 32.33829477 32.123997   32.0614661  32.25932608]
92.png : [22.3527491  22.27911547 22.49933402 22.69056419 22.74463842 22.78141336]
22.png : [28.67273242 28.67465655 28.68801856 28.83049747 28.78133186 28.84071556]
91.png : [26.79685991 26.86647684 26.82740267 26.91271368 26.93520586 26.98684978]
24.png : [26.31092463 26.52366659 26.7465649  26.73143396 26.17860341 27.1808984 ]
23.png : [36.64425372 36.11141498 36.8136838  36.89554235 36.80081942 36.97377186]
90.png : [44.24090023 44.21314422 44.26067186 44.6343724  44.55376562 44.77583727]
25.png : [38.18541529 38.29576927 38.30418606 38.38532597 38.5037608  38.6846588 ]
93.png : [36.1718244  36.20773908 36.15068412 36.19172314 36.29060194 36.40979632]
26.png : [30.1100276  30.13076359 30.14508241 30.19887533 30.15447559 30.22664345]
94.png : [30.02170005 30.21176138 30.31224273 30.32933894 30.3496146  30.40699335]
27.png : [31.90105068 32.04428104 32.09673551 32.32522255 32.23956904 32.30181288]
95.png : [22.62786087 22.68546399 22.73625795 22.89435195 22.85938002 22.94014046]
28.png : [34.48226458 34.52757547 34.66186215 34.67549627 34.78336286 34.76942054]
97.png : [27.49622678 27.41822317 27.5160608  27.71516411 27.63238487 27.70711214]
29.png : [30.88378009 31.05768536 31.01697954 31.15726179 31.19839922 31.3997219 ]
98.png : [23.76465765 23.71586684 23.40217564 23.80221218 24.06150463 24.00921982]
3.png : [26.5894718  26.61854284 26.62107006 26.73943382 26.76821169 26.79812091]
96.png : [32.85016996 33.48046905 33.22507256 33.91499644 33.67202095 34.0403431 ]
99.png : [30.00055648 29.90307764 30.57372845 30.54599939 30.4136432  30.62311133]
31.png : [26.72550926 26.75699047 26.75151849 26.79292111 26.79816929 26.83092442]
32.png : [33.28545466 33.25614863 33.40266392 33.45591411 33.43553092 33.54591553]
34.png : [25.30181121 25.24993453 25.20412837 25.32128003 25.42506614 25.44159863]
1.png : [32.13345903 32.24153223 32.25529566 32.54090353 32.40327969 32.5783442 ]
33.png : [30.7153735  30.21606737 30.76730443 30.24214971 30.60736003 30.87550679]
10.png : [34.87144436 34.92556241 35.16891003 35.33083607 34.59619686 35.50019823]
35.png : [29.1483496  29.54226619 29.14945595 28.47919177 29.01514179 29.24529655]
20.png : [25.59877439 25.64291458 25.61717842 25.71729525 25.66883662 25.7362232 ]
68.png : [37.43634448 37.31534576 37.39955655 37.51750299 37.67303076 37.7479599 ]
30.png : [28.471856   28.76810534 28.83221962 28.93347253 28.81171722 29.07402789]
36.png : [34.3941238  34.27578627 34.31524465 34.65583074 34.54662318 34.78357315]
37.png : [30.26918621 30.22259278 30.27398248 30.29633632 30.31752684 30.3376973 ]
38.png : [30.94928737 30.98089353 31.02269265 31.03645443 31.04618307 31.18177991]
39.png : [27.8502428  28.23516917 28.03460539 28.52154548 28.58359147 28.6108739 ]
4.png : [29.76371461 28.64136281 28.50145204 30.35081811 30.47238915 29.99741753]
40.png : [33.71018892 33.44505781 34.34083964 34.1172316  34.73364661 34.91203877]
41.png : [31.52537481 31.80790556 31.69494998 31.81691089 31.8573324  32.09337421]
42.png : [37.71124326 37.97665526 37.88290938 37.8220897  37.92344029 38.28822687]
43.png : [35.91548423 35.85622435 36.22583252 36.30097542 36.22230753 36.60453545]
44.png : [39.42072203 39.57713776 39.14564268 40.17104427 39.82939412 40.36568314]
45.png : [34.50508401 34.60406404 34.77295039 34.70265582 34.6763747  34.9428529 ]
46.png : [26.96026905 27.38106304 28.01086409 28.61287183 28.23651605 28.45876565]
47.png : [26.91775913 27.03673799 27.34460166 27.13769416 26.92610502 27.44478713]
48.png : [24.01145266 24.06867643 23.93141991 23.9824304  24.09944376 24.24875897]
49.png : [26.02946205 26.03801772 25.96669392 26.11698227 26.14422004 26.2178194 ]
5.png : [34.89869105 35.10296603 35.12644363 35.31560809 35.32164751 35.52120743]
50.png : [27.69796738 27.80317739 27.79937856 27.84567474 27.86064217 27.88398755]
51.png : [31.77498398 31.79853903 31.82813294 31.85109295 31.91516579 31.93835205]
52.png : [33.75890536 33.75650083 33.99656425 34.17154084 34.03633092 34.45791901]
53.png : [25.07733717 25.10438708 25.2087854  25.41405096 25.37005234 25.37895067]
54.png : [24.06445225 24.17478545 24.15038316 24.30383958 24.27769008 24.38875587]
55.png : [35.79822955 35.82485512 36.0928926  36.3823116  36.11464079 36.41383804]
56.png : [28.06068575 28.0451188  28.19574116 28.30788958 28.35408979 28.43081978]
57.png : [35.13781655 35.27824012 35.23598642 35.38344152 35.36590143 35.49582182]
58.png : [32.20067628 32.5122394  32.81673735 32.80010526 32.15758295 32.95084276]
59.png : [30.07729337 31.2077013  28.60608334 30.68410344 30.96206945 31.10205375]
6.png : [24.90040773 24.90109437 24.56160354 24.74567392 24.8759723  24.97132386]
60.png : [24.56463247 25.14950362 24.74683935 25.05530598 24.63398276 25.20851499]
61.png : [30.07403163 29.25917034 29.17308982 28.66348764 29.32277513 29.71429985]
62.png : [25.63825342 25.94009197 25.70406079 26.64477707 26.10468268 26.52676676]
63.png : [24.29052979 24.38496111 24.29157627 24.46386908 24.55341531 24.50475105]
64.png : [29.82874886 29.91859474 29.63431325 29.41919899 29.59126588 29.92676237]
65.png : [29.83199096 29.69242591 29.97423791 30.09883703 30.07665575 30.11545796]
67.png : [21.97629948 21.3979352  21.80746124 21.45070763 21.37083921 22.16795442]
7.png : [34.16576008 34.18933269 34.16895911 34.36010424 34.358714   34.36764222]
70.png : [24.00696981 24.05062415 24.08077173 24.16339653 24.20095817 24.19409593]
71.png : [30.81777201 30.80881323 30.8885844  30.89167526 30.93441315 31.01394701]
72.png : [25.32561191 25.32215983 25.36394189 25.57562045 25.63954662 25.85829406]
73.png : [23.61078404 23.64220978 23.84438062 23.87763208 23.78606233 23.96322049]
74.png : [28.40381045 28.49581467 28.40420712 28.59301896 28.62755247 28.86808207]
75.png : [37.87138896 37.91675139 37.55880171 38.23103396 38.15239591 38.3352109 ]
76.png : [28.20066817 28.43844679 28.39992063 28.45036646 28.38986511 28.58353965]
77.png : [24.64415327 24.73717819 24.69194771 24.82943211 24.82002956 24.82805344]
78.png : [32.35708103 32.69527135 32.56224361 32.71025501 32.85321899 32.93620039]
79.png : [28.11501327 28.0914042  28.2382465  28.31931879 28.3375624  28.39626739]
87.png : [33.21423785 33.31495083 33.45625977 33.64057957 33.66434979 33.90061833]
Average PSNRs
[30.20563508 30.28182844 30.30609042 30.44544765 30.42655465 30.6171526 ]
Test MAIN on dataset: /data/jjh_backup/1_3/testset/BSDS100
1.png : [25.68245414 25.6833283  25.68383019 25.69654055 25.7037171  25.71913781]
10.png : [32.31410402 32.3258012  32.32473939 32.32167586 32.36785282 32.36044606]
100.png : [27.52425136 27.57206363 27.57963457 27.60077525 27.57268113 27.64011494]
11.png : [27.02030178 27.07022413 26.97887813 26.85623744 27.11638685 27.18761114]
12.png : [32.16413087 32.15909962 32.20917135 32.20794474 32.19672799 32.23508066]
13.png : [34.1592571  34.22076965 34.13705667 34.21123731 34.19889844 34.22418699]
14.png : [32.14969608 32.09443744 32.16205471 32.19293952 32.16902632 32.23804771]
15.png : [27.70701642 27.70973231 27.71914561 27.76647798 27.76708837 27.76030058]
16.png : [30.14321473 30.14832892 30.25202224 30.23543261 30.27198265 30.30966404]
17.png : [36.65760765 36.68236683 36.64580887 36.73177103 36.68770291 36.72603351]
18.png : [34.63901899 34.65573842 34.68684873 34.80298971 34.76569662 34.77745701]
19.png : [27.97506187 27.89481499 27.89100581 27.94807648 28.08362972 28.01126066]
2.png : [31.23921541 31.25844776 31.22742103 31.25949461 31.29051737 31.30601681]
20.png : [27.83446688 27.85081669 27.85936432 27.88855568 27.89733968 27.89830778]
21.png : [24.98277965 25.02074278 25.03037259 25.01528876 25.01284332 25.07383582]
22.png : [26.8698037  26.88202239 27.01037839 26.94947075 26.95152553 27.0554602 ]
23.png : [26.25787286 26.21314194 26.1971476  26.23124815 26.25545995 26.2462452 ]
24.png : [29.1105601  29.13261899 29.1043214  29.1253667  29.1657192  29.17778153]
25.png : [30.96083862 30.93961089 30.95244222 31.00753886 30.9978416  31.01461976]
26.png : [30.27881397 30.28964629 30.27576531 30.26665014 30.30283528 30.31372395]
27.png : [30.52284278 30.56680117 30.54963057 30.58483583 30.56829633 30.60289225]
28.png : [33.46252044 33.50263871 33.52304734 33.57365213 33.58484839 33.59089221]
29.png : [34.26669394 34.42137897 34.21250277 34.42241953 34.4523903  34.45058806]
3.png : [28.43343124 28.4385583  28.49978243 28.29826778 28.50078218 28.53145484]
30.png : [21.67004713 21.67983831 21.65152751 21.68494637 21.68055265 21.6981205 ]
31.png : [32.59462967 32.60455385 32.60180789 32.660823   32.65105673 32.65842635]
32.png : [23.59694202 23.62107947 23.60739956 23.67418974 23.68173431 23.70169442]
33.png : [28.70438054 28.70533321 28.7254439  28.70872836 28.74839689 28.74739229]
34.png : [26.51377169 26.59849334 26.58259708 26.59489558 26.61333656 26.6423835 ]
35.png : [38.42306196 38.35392115 38.46412905 38.43753281 38.43308036 38.50221036]
36.png : [29.70977701 29.73857228 29.75596381 29.76580753 29.76471257 29.78300952]
37.png : [29.2246331  29.20101143 29.16024037 29.23684853 29.22485091 29.24503182]
38.png : [29.92815506 29.92637662 29.9067325  29.93849508 29.98859008 29.97402532]
39.png : [32.55345806 32.5593037  32.65093618 32.64333299 32.68093484 32.70353327]
4.png : [34.29276258 34.3078263  34.36994136 34.14415724 34.31267333 34.36244219]
40.png : [41.01011258 41.22953445 41.24906781 41.30538076 41.38741937 41.47490782]
41.png : [29.40568044 29.44499237 29.58337786 29.60329672 29.58402374 29.63540464]
42.png : [27.85185277 27.8427793  27.71170594 27.91143058 27.88214891 27.90879366]
43.png : [29.01529292 29.02448983 29.04285672 29.00582508 29.04491595 29.10328365]
44.png : [31.59818713 31.63356372 31.66248163 31.81001699 31.7744423  31.79621795]
45.png : [28.58193266 28.57370127 28.64328234 28.6724963  28.75049096 28.80470502]
46.png : [37.85471147 37.7368174  37.79633871 37.87348997 37.92338309 37.93188403]
47.png : [25.62029485 25.6435698  25.66331526 25.68967715 25.69979749 25.71252912]
48.png : [27.55528818 27.55283119 27.55630276 27.55596406 27.57532237 27.58151054]
49.png : [30.85238739 30.84250921 30.82730162 30.87197469 31.11870181 31.02840592]
5.png : [28.72646795 28.72320172 28.73080133 28.73577763 28.73761157 28.75488103]
50.png : [34.29761662 34.26738642 34.24430667 34.2760823  34.32138593 34.31239629]
51.png : [27.06316137 27.06675204 27.04324291 27.05215427 27.11174082 27.10492021]
52.png : [26.90374556 27.11879246 27.22801746 27.4916793  27.29680862 27.4178256 ]
53.png : [34.03735395 34.04242817 33.97938345 33.92524755 34.02917003 34.04307489]
54.png : [34.65483204 34.57669854 34.59199007 34.65371546 34.64359562 34.66815856]
55.png : [31.41627693 31.43352192 31.47124909 31.53078551 31.59601775 31.56981544]
56.png : [28.63399808 28.61912056 28.6197243  28.62048046 28.63393717 28.67799274]
57.png : [22.93465092 22.94938478 22.92671089 22.96003714 22.98317072 22.97068043]
58.png : [29.48668084 29.50611545 29.49447962 29.51811419 29.51240665 29.52898747]
59.png : [33.85493875 33.84602126 33.80577348 33.84587172 33.82242756 33.860209  ]
6.png : [36.48280937 36.5051438  36.53181966 36.5314827  36.54428334 36.57790403]
60.png : [32.81373653 32.82227845 32.84211971 32.84279973 32.84029811 32.86767087]
61.png : [33.65940163 33.64795116 33.6359518  33.69088692 33.68287988 33.69012266]
62.png : [31.20784252 31.25528275 31.22986982 31.21793578 31.26275229 31.27604524]
63.png : [39.43338438 39.53000608 39.42526369 39.48288162 39.6372811  39.66030508]
64.png : [26.97288683 26.94671304 26.96652508 27.01482463 27.03582528 27.02048966]
65.png : [28.29346981 28.2962414  28.29239108 28.29794422 28.31823225 28.32369276]
66.png : [31.1954341  31.20535406 31.2087273  31.22189887 31.2326554  31.23374811]
67.png : [43.68139383 43.88831552 43.66183947 43.5842098  43.72980241 43.85313896]
68.png : [23.8153429  23.82194513 23.84475998 23.84962893 23.8768222  23.88102238]
69.png : [24.6248381  24.62190817 24.61992082 24.64339473 24.65119768 24.66196265]
7.png : [30.23250065 30.2195054  30.23357369 30.27545662 30.22518524 30.28066377]
70.png : [32.89619174 32.97350686 32.97691918 32.99149483 33.00355593 33.05746925]
71.png : [34.37595073 34.3976059  34.41943918 34.49036754 34.47585026 34.54664658]
72.png : [28.47325593 28.45118961 28.47418448 28.5079533  28.49115894 28.51037441]
73.png : [29.52484698 29.52753839 29.50283032 29.51098026 29.51522195 29.53239278]
74.png : [28.2211885  28.24450759 28.22743243 28.26328354 28.28637409 28.27196025]
75.png : [26.60833286 26.59989168 26.64602549 26.61097832 26.57495838 26.68991509]
76.png : [32.38857814 32.36489775 32.38144436 32.42064434 32.46639466 32.42946931]
77.png : [25.61978218 25.6183518  25.6643212  25.64545554 25.61719722 25.65343187]
78.png : [32.87997287 32.9625568  32.95352915 33.00955559 33.03614924 33.02014555]
79.png : [35.73745259 35.91512991 35.77199779 35.87563968 35.87412408 35.99245065]
8.png : [25.54349907 25.55816502 25.56891148 25.55224397 25.57267381 25.58816477]
80.png : [32.02303205 32.02906343 32.04659038 32.08372698 32.06987695 32.07838531]
81.png : [38.71978    38.69926984 38.72503261 38.78269644 38.85890467 38.80548468]
82.png : [30.15723791 30.17615062 30.13735505 30.21821147 30.22363889 30.21448284]
83.png : [24.22889653 24.23073603 24.2049011  24.21747476 24.2582022  24.25583266]
84.png : [23.3492254  23.40301235 23.42226487 23.40628725 23.4962665  23.45387293]
85.png : [27.00057645 27.00569716 26.97614554 26.97164455 26.96041268 27.05656547]
86.png : [27.17163959 27.18003914 27.21683144 27.20745406 27.25093939 27.23731789]
87.png : [29.34350384 29.32494942 29.30527903 29.34323654 29.33289124 29.35229363]
88.png : [34.54028503 34.5450528  34.54276557 34.58848679 34.61648598 34.61043317]
89.png : [28.93399225 28.91189145 28.89874093 28.93811418 28.95210748 28.94779408]
9.png : [30.52905572 30.54821553 30.61923221 30.58388927 30.6462294  30.62591345]
90.png : [29.27253224 29.25837324 29.30278687 29.30322481 29.35903878 29.36814816]
91.png : [31.6223894  31.60138419 31.62240777 31.66221993 31.70207309 31.67654692]
92.png : [30.6955422  30.74512936 30.82982921 31.12328936 30.9365886  31.09401619]
93.png : [35.81820561 35.8292975  35.83963453 35.91664755 35.86905165 35.89920526]
94.png : [28.91069054 28.94136192 28.99385782 29.02185133 29.04038296 29.03071917]
95.png : [30.88611136 30.97732315 31.14353973 31.19431073 31.2470444  31.26508307]
96.png : [23.1131177  23.13311949 23.03528582 23.10107868 23.07669121 23.13501843]
97.png : [28.57679646 28.55960329 28.54729178 28.56428071 28.57894498 28.58123642]
98.png : [29.0281743  29.03421261 29.02585271 29.04214011 29.04840174 29.06328811]
99.png : [29.33789824 29.33755662 29.35977866 29.38639987 29.36710967 29.41382354]
Average PSNRs
[30.28863812 30.30549077 30.30936002 30.33782749 30.35932784 30.38140661]
Test MAIN on dataset: /data/jjh_backup/1_3/testset/Manga109
58.png : [37.46800024 37.59467603 37.62812321 37.67707049 37.77389942 37.94761283]
101.png : [32.67537447 32.7365458  32.76971983 32.851576   32.83309991 32.94109444]
100.png : [28.70916552 28.88076717 28.85816249 28.97598891 29.10548448 29.18170646]
70.png : [34.26756166 34.30142576 34.35251871 34.31017719 34.88136628 34.58687649]
103.png : [42.78747185 42.96254749 42.92091946 43.04408575 43.08810249 43.30151919]
102.png : [32.05446447 32.1629922  32.41107306 32.4044805  32.33435011 32.55800373]
71.png : [30.26102645 30.22044891 30.25011845 30.25816435 30.26411663 30.32147733]
105.png : [36.61360181 36.85540753 37.04018763 37.1571119  37.10421464 37.43073411]
73.png : [39.69975441 39.79900735 39.77262104 39.90655758 39.90386812 40.05395564]
106.png : [34.19598817 34.07954078 34.17819325 34.34461988 34.3035689  34.36691077]
74.png : [35.29331304 35.33992006 35.45327403 35.52100959 35.62389202 35.71907555]
107.png : [41.09101585 41.25290662 41.29161478 41.2964679  41.33439193 41.4099281 ]
75.png : [34.49456629 34.52963412 34.56536205 34.59423093 34.70659091 34.75513255]
108.png : [36.62605836 36.65868327 36.72571711 36.77379135 36.74776421 36.83017792]
76.png : [36.41305851 36.56583514 36.65225285 36.75308285 36.71032326 36.91896153]
109.png : [36.46023535 36.60801763 36.61207988 36.74209777 36.75065912 36.90329848]
77.png : [36.26671585 36.39025635 36.58193274 36.67627991 36.61289887 36.68522435]
11.png : [35.94684779 35.9569755  35.96738158 36.21281518 36.16046622 36.39018506]
78.png : [30.1534371  30.10203413 30.20012354 30.10903986 30.09746505 30.30116919]
12.png : [33.80748586 33.92423873 33.89998969 33.96111947 34.01970069 34.08281022]
79.png : [36.58887492 36.72661046 36.81070322 36.83403244 36.91004733 37.05484916]
15.png : [36.46098759 36.26796808 36.40797738 36.43861131 37.1830693  36.87924802]
8.png : [31.70978274 31.73032676 31.73954566 31.83791055 31.83821703 31.99395586]
14.png : [36.43417554 36.53567176 36.57145973 36.65895968 36.73309154 36.79814667]
13.png : [37.70621824 37.99903476 38.38580707 37.74167358 37.92718973 38.25905436]
80.png : [37.92746736 38.04665951 38.05988712 38.13285575 38.24037032 38.33148823]
16.png : [33.76500941 33.76728323 33.7777893  33.89295206 33.8884427  33.99396364]
82.png : [37.21659731 37.2754996  37.3200025  37.45097039 37.39708022 37.49074418]
17.png : [36.10389635 36.16328352 36.18922161 36.2185335  36.41168325 36.50444463]
83.png : [37.619248   37.84347437 37.79460861 37.88022385 37.96478888 38.12491279]
18.png : [40.53427307 40.55668164 40.69293706 40.82908167 40.84929675 41.02503177]
84.png : [34.41584869 34.59726523 34.59320443 34.81769651 34.94648477 35.01833425]
19.png : [35.85396274 36.28706862 36.26930365 36.81015532 36.27958956 36.54399389]
88.png : [39.49068819 39.61745582 39.62472685 39.77085006 39.73885596 39.95624514]
2.png : [35.16665666 35.18281086 35.18772663 35.20886953 35.21191204 35.23987581]
85.png : [38.59241463 38.70340933 38.65341551 38.81706121 38.77957041 38.94577969]
20.png : [39.37650081 39.36480225 39.54368992 39.68812036 39.71185941 39.9127894 ]
86.png : [32.67476931 32.66487733 32.71484461 32.80633471 32.84700864 32.83533271]
87.png : [40.93473863 41.07340764 41.05216931 41.28303622 41.12420244 41.31517079]
89.png : [36.35861391 36.27844852 36.50650064 36.72635945 36.73960498 36.82605201]
22.png : [37.17273449 37.29265032 37.30260779 37.35641559 37.37631464 37.51525379]
9.png : [36.65995246 36.60614876 36.58687574 36.74491394 36.79325246 36.92127171]
25.png : [34.33995681 34.42489421 34.59197442 34.47723137 34.7319519  34.82979822]
91.png : [35.21121248 35.40668768 35.39161746 35.53247427 35.66418846 35.73837398]
24.png : [41.37853334 41.47358202 41.44155631 41.7056191  41.6198734  41.89992813]
23.png : [36.64169484 36.7397091  36.79855759 36.86408338 36.94536212 37.03960839]
90.png : [28.6610339  29.03816665 29.02966004 29.0671068  29.08244266 29.16070918]
26.png : [36.76197655 36.79898881 36.851137   36.97349796 37.02226917 37.10579946]
92.png : [30.48928675 30.43538042 30.80591314 31.20708108 31.01371458 31.13050363]
27.png : [42.79753104 42.85434762 42.93388807 42.86936339 42.94501095 43.17439877]
93.png : [24.90552623 24.74387059 25.07239555 25.09978661 25.10705668 25.19117979]
28.png : [36.5859027  36.72032108 36.67439173 36.65658703 36.74826993 36.84217234]
94.png : [39.66655658 39.81023634 40.04320645 40.05331612 40.07921407 40.25587181]
29.png : [39.93371472 40.04088653 39.97987868 40.15500816 40.15742689 40.35883108]
98.png : [33.74506905 33.91439933 33.90003871 33.99985307 34.00229742 34.33280946]
3.png : [34.28093771 34.58775317 34.58676419 34.80873304 34.51148918 34.7880931 ]
95.png : [30.92123609 31.03674681 31.04190853 31.05760957 31.16688615 31.26733015]
30.png : [37.33872576 37.37427788 37.3759012  37.51544923 37.4723861  37.61229785]
96.png : [35.48034903 35.55271941 35.51147044 35.7008107  35.65891843 35.87448973]
97.png : [36.43531153 36.46443938 36.38284162 36.46560235 36.50164596 36.5135418 ]
99.png : [30.12216921 30.26046972 30.25712867 30.3527981  30.28476684 30.36403338]
32.png : [34.10970271 34.23767034 34.4163826  34.58097366 34.53503621 34.86009965]
35.png : [31.60414908 31.64402857 31.73156609 31.65228994 31.8070156  31.85676407]
34.png : [32.53627008 32.52266233 32.63370977 32.70089918 32.7251343  32.72421827]
1.png : [33.75983804 33.89665964 33.95905986 34.11003518 34.08421296 34.146853  ]
33.png : [37.79285448 37.82953211 37.86255    37.92350611 37.93743349 38.04391714]
10.png : [33.97902039 34.1869515  34.1906432  34.41878357 34.52182603 34.5275665 ]
36.png : [37.67131876 37.71443895 37.74165592 37.7865568  37.78572017 37.94661856]
104.png : [35.72562921 35.78794209 35.97534426 35.93094826 35.99184791 36.21918494]
57.png : [35.94370296 35.99245969 36.20728146 35.44078666 35.9297905  36.3263155 ]
21.png : [37.59521109 37.60997352 37.66875055 37.67580022 37.78523778 37.9010488 ]
59.png : [26.54781491 26.52433014 26.6112443  26.6909283  26.66105156 26.76776586]
31.png : [34.54847762 34.60120037 34.66037855 34.79202945 34.97395755 35.23093399]
37.png : [31.03863955 31.10332787 31.12731347 31.20386087 31.22742874 31.28395421]
6.png : [35.27191518 35.32938529 35.39431717 35.415127   35.4310392  35.54579042]
38.png : [40.45576038 40.5763015  40.51348045 40.71859857 40.6164934  40.87863641]
7.png : [39.98054113 40.18702172 40.15956471 40.39029789 40.40912453 40.56616495]
39.png : [40.84230957 40.83043846 40.93502314 41.17583242 41.12424501 41.21937047]
72.png : [40.68075669 40.79540036 40.77163125 40.90111452 40.91121662 41.071039  ]
4.png : [42.29123955 42.36361068 42.3763183  42.39510934 42.43828317 42.51187939]
81.png : [35.59071308 35.64730433 35.71809127 35.75980158 35.76580672 35.92008851]
40.png : [33.40920576 33.49669575 33.50725235 33.60133471 33.62984354 33.75157734]
41.png : [33.55800587 33.65306157 33.71403081 33.69410394 33.83102549 33.86814812]
42.png : [38.71329575 38.72112292 38.66593774 38.86450842 38.99281657 39.05274677]
43.png : [26.7045396  26.90564194 26.95033393 27.08059358 27.02635074 27.19580812]
44.png : [42.58096457 42.59883735 42.61738002 42.65793053 42.77216262 43.01198589]
45.png : [27.91793833 27.9157536  28.11242073 27.95390234 28.35420019 28.26262944]
46.png : [33.55628186 33.52569914 33.52628128 33.62167518 33.75610521 33.79673359]
47.png : [39.69093811 39.82790324 39.75587969 39.86630985 39.95848741 40.00107082]
48.png : [31.53104373 31.54931409 31.84447046 31.76976662 31.78515575 31.94873088]
49.png : [35.150852   35.32776689 35.32500011 35.36595839 35.46022527 35.56808866]
5.png : [42.08337797 42.99370753 42.85355754 42.58976757 42.77965362 42.84220769]
50.png : [31.59494862 31.71002634 31.71568195 31.84545938 31.80624766 31.92510493]
51.png : [35.77884179 35.89916199 35.93450366 36.08035913 36.10828029 36.2314348 ]
52.png : [38.93589384 38.84471664 38.96856407 38.9935323  38.82334471 39.21550188]
53.png : [40.63019492 40.66892849 40.65742798 40.6821988  40.72061802 40.7294419 ]
54.png : [41.52318119 41.65475699 41.64891718 41.73176232 41.75048363 41.9359736 ]
55.png : [25.88627851 25.91181141 25.96514662 25.94237356 25.93893872 26.02628813]
56.png : [40.17876601 40.35911629 40.43114799 40.47868051 40.63338    40.79475487]
60.png : [38.14938416 38.11282848 38.25471554 38.13965887 38.35435984 38.45132464]
61.png : [38.48702669 38.24541415 38.33495762 38.41253426 38.0503511  38.60899121]
62.png : [37.01946015 37.14919723 37.1055765  37.27929492 37.27954725 37.44384458]
63.png : [39.33482843 39.26001987 39.18397244 39.35689288 39.42422158 39.5181061 ]
64.png : [38.77719339 38.76522739 38.76601741 38.87124598 38.91504274 39.01823806]
65.png : [29.44920837 29.5702446  29.82434517 30.34464792 30.24961479 30.2834884 ]
66.png : [38.10860668 38.28237727 38.31831317 38.28398995 38.37385738 38.56502492]
67.png : [38.76295993 38.77672558 38.83519036 38.9098307  38.9710921  39.08614397]
68.png : [37.55845482 37.69244454 37.74729169 37.82387444 37.82241849 37.98073082]
69.png : [34.31841225 34.43633492 34.46428357 34.52839544 34.57662856 34.70713414]
Average PSNRs
[35.84496538 35.93042249 35.98412388 36.05973631 36.09880442 36.2295507 ]
