Test MAIN on dataset: /data/jjh_backup/1_3/testset/Set5
1.png : [34.5246328  34.5982249  34.57473054 34.63407094]
2.png : [31.46198793 31.59106924 31.53618243 31.68307037]
3.png : [40.21649741 40.34007618 40.26571341 40.36963703]
4.png : [34.53728919 34.53891175 34.56356581 34.56916124]
5.png : [37.16047974 37.14728847 37.18401098 37.18624275]
Average PSNRs
[35.58017741 35.64311411 35.62484064 35.68843647]
Test MAIN on dataset: /data/jjh_backup/1_3/testset/Set15
5.png : [27.44129526 27.18326945 27.3868266  27.41787024]
1.png : [30.9594423  30.88143769 31.20104369 31.08213686]
10.png : [35.67823022 35.76494336 35.77953716 35.87660994]
11.png : [33.14308148 32.99040057 33.04524038 33.09116347]
12.png : [31.96777648 32.16101637 31.96769734 32.09934017]
13.png : [32.65492911 32.73101195 32.76720688 32.77450538]
14.png : [37.75410762 37.90189858 37.99944899 38.01623729]
15.png : [31.70677191 31.64230254 31.69020647 31.73330423]
2.png : [23.25699262 23.2573257  23.34463402 23.31098467]
3.png : [26.29006762 24.80726969 25.43790354 26.04091576]
4.png : [27.56482532 27.69248571 27.75485669 27.76529704]
6.png : [32.40502627 32.45654099 32.54793843 32.52310203]
7.png : [24.59051428 24.76287798 24.89567264 24.92028948]
8.png : [35.54934244 35.60207653 35.61353976 35.63892572]
9.png : [28.70630561 29.85472585 28.81653499 29.40726761]
Average PSNRs
[30.64458057 30.6459722  30.68321917 30.77986333]
Test MAIN on dataset: /data/jjh_backup/1_3/testset/Set18
1.bmp : [28.97350783 29.05920244 29.16364152 29.10551205]
10.bmp : [38.80874615 38.85513822 38.88180135 38.94604493]
11.bmp : [34.54754616 34.54580372 34.56076159 34.57397424]
12.bmp : [35.41697936 35.74698342 35.72799037 35.77591231]
13.bmp : [32.17195315 32.37109922 32.64603839 32.69543123]
17.bmp : [33.45798292 33.50336502 33.48321393 33.61523127]
4.bmp : [31.46198793 31.59106924 31.53618243 31.68307037]
5.bmp : [27.44129526 27.18326945 27.3868266  27.41787024]
7.bmp : [34.77052177 34.84874087 34.73772955 34.86404295]
8.bmp : [25.38101918 26.74535558 26.43309585 26.50069883]
9.bmp : [29.35446837 29.35611322 29.35855898 29.3961555 ]
14.bmp : [35.51962227 35.56749921 35.58530912 35.60875062]
15.bmp : [28.01524279 28.15118997 28.14097052 28.18728385]
16.bmp : [29.44287234 29.47214183 29.46938205 29.55180593]
18.bmp : [26.30439249 26.31100593 26.32771635 26.3395854 ]
2.bmp : [22.61294009 22.78402908 22.78348316 22.8308604 ]
3.bmp : [29.41336414 29.4477496  29.47798271 29.52626161]
6.bmp : [34.54028503 34.56139311 34.61648598 34.61006924]
Average PSNRs
[30.97970707 31.11673051 31.12873169 31.1793645 ]
Test MAIN on dataset: /data/jjh_backup/1_3/testset/Urban12
1.png : [29.80850069 30.04697713 30.38425774 30.46480834]
10.png : [28.61311062 28.83181664 28.69848269 28.87216724]
11.png : [27.24540876 27.1782208  27.91940763 27.70832598]
12.png : [26.15297751 26.47313376 26.44417403 26.58092865]
2.png : [37.73835493 37.80941436 37.98989741 37.98523659]
3.png : [30.09677225 30.20103505 30.04196475 30.47528659]
4.png : [23.33398132 23.52929348 23.22450159 23.63835387]
5.png : [25.97108642 26.0295123  26.17471765 26.30060785]
6.png : [25.62229893 25.47876916 25.87993542 25.85438821]
7.png : [23.19524156 23.51403564 23.52735079 23.50136257]
8.png : [22.06084043 21.86345472 22.16284845 22.358018  ]
9.png : [27.8766882  27.94327815 28.04202259 28.16395248]
Average PSNRs
[27.30960513 27.4082451  27.54079673 27.6586197 ]
Test MAIN on dataset: /data/jjh_backup/1_3/testset/Urban100
66.png : [26.08572393 26.49405917 26.44884203 26.55825971]
100.png : [29.37399476 29.51581617 29.80754727 29.78893737]
69.png : [28.21090667 28.2382283  28.23638502 28.31383565]
11.png : [23.27867555 23.55343588 24.16730047 24.27668566]
8.png : [25.91526236 26.0951191  26.1216388  26.25315294]
12.png : [26.75632202 26.72895551 26.3729146  26.84494568]
81.png : [40.87536222 41.35134541 41.47990274 41.61587553]
14.png : [25.77066378 26.00574264 26.01386841 26.09817451]
13.png : [33.1969216  33.20180503 33.22088859 33.37770569]
80.png : [38.66666527 38.74108833 38.63663835 38.8027888 ]
15.png : [30.13488541 30.31986367 30.3138802  30.41925517]
82.png : [37.78602573 37.86826604 37.88714379 37.97336381]
16.png : [35.22763214 35.42284428 35.6343458  35.59698081]
83.png : [25.36968327 25.55623721 25.45522858 25.6272197 ]
17.png : [30.57524822 30.67996667 30.79576895 30.83555185]
84.png : [32.59112878 33.01850252 32.48925295 32.89392843]
18.png : [28.37291658 28.36199536 28.44469531 28.42246351]
85.png : [32.4723118  32.59485434 32.56000875 32.67860154]
19.png : [26.38005639 26.48402036 26.69828361 26.78334328]
88.png : [22.03260604 22.09174585 22.08980927 22.16999582]
2.png : [32.01834622 32.14673654 32.31405793 32.32770483]
86.png : [35.2195844  35.34559348 35.41140268 35.47716703]
9.png : [37.95023945 38.39791515 38.70728057 38.67842392]
89.png : [30.13253549 30.17280539 30.28612639 30.28650765]
21.png : [32.05922844 32.16445917 32.0614661  32.17200067]
92.png : [22.3527491  22.67216018 22.74463842 22.82186548]
22.png : [28.67273242 28.74347122 28.78133186 28.8226294 ]
91.png : [26.79685991 26.91082563 26.93520586 26.97469171]
24.png : [26.31092463 26.4260693  26.17860341 26.83454611]
23.png : [36.64425372 36.69358449 36.80081942 36.89671381]
90.png : [44.24090023 44.56226412 44.55376562 44.79818151]
25.png : [38.18541529 38.18953334 38.5037608  38.59044299]
93.png : [36.1718244  36.19756671 36.29060194 36.37466027]
26.png : [30.1100276  30.20817035 30.15447559 30.21941792]
94.png : [30.02170005 30.33384969 30.3496146  30.37741032]
27.png : [31.90105068 32.15054381 32.23956904 32.25547668]
95.png : [22.62786087 22.82158431 22.85938002 22.92924175]
28.png : [34.48226458 34.61754179 34.78336286 34.74321687]
97.png : [27.49622678 27.62876703 27.63238487 27.7106741 ]
29.png : [30.88378009 31.02338468 31.19839922 31.29636977]
98.png : [23.76465765 23.75152169 24.06150463 24.05875621]
3.png : [26.5894718  26.69274766 26.76821169 26.79013014]
96.png : [32.85016996 33.40631589 33.67202095 33.78528379]
99.png : [30.00055648 30.54353196 30.4136432  30.55441953]
31.png : [26.72550926 26.76843991 26.79816929 26.8152641 ]
32.png : [33.28545466 33.38568596 33.43553092 33.51476204]
34.png : [25.30181121 25.27436699 25.42506614 25.47119501]
1.png : [32.13345903 32.33466903 32.40327969 32.51466946]
33.png : [30.7153735  30.4215538  30.60736003 30.91241584]
10.png : [34.87144436 35.21935653 34.59619686 35.38078522]
35.png : [29.1483496  28.48664701 29.01514179 28.98579332]
20.png : [25.59877439 25.60762001 25.66883662 25.69679619]
68.png : [37.43634448 37.51622218 37.67303076 37.74091543]
30.png : [28.471856   28.93095672 28.81171722 29.00681245]
36.png : [34.3941238  34.69651422 34.54662318 34.80621706]
37.png : [30.26918621 30.30667693 30.31752684 30.34997162]
38.png : [30.94928737 30.99188819 31.04618307 31.14679615]
39.png : [27.8502428  28.14589216 28.58359147 28.50059317]
4.png : [29.76371461 29.70218033 30.47238915 30.30044962]
40.png : [33.71018892 33.81226307 34.73364661 34.78743346]
41.png : [31.52537481 31.75530767 31.8573324  32.00707989]
42.png : [37.71124326 37.75010705 37.92344029 38.16589328]
43.png : [35.91548423 36.08066926 36.22230753 36.4728981 ]
44.png : [39.42072203 39.71034507 39.82939412 40.27637405]
45.png : [34.50508401 34.68026785 34.6763747  34.91294288]
46.png : [26.96026905 28.20922457 28.23651605 28.42586545]
47.png : [26.91775913 27.11568312 26.92610502 27.28157655]
48.png : [24.01145266 23.89690879 24.09944376 24.19637753]
49.png : [26.02946205 26.13651609 26.14422004 26.23759628]
5.png : [34.89869105 35.11579164 35.32164751 35.40625403]
50.png : [27.69796738 27.81688698 27.86064217 27.8598903 ]
51.png : [31.77498398 31.85772943 31.91516579 31.93608572]
52.png : [33.75890536 33.86424198 34.03633092 34.3137141 ]
53.png : [25.07733717 25.1693768  25.37005234 25.32360889]
54.png : [24.06445225 24.27991039 24.27769008 24.3692499 ]
55.png : [35.79822955 35.59378418 36.11464079 36.11892854]
56.png : [28.06068575 28.16882862 28.35408979 28.38692573]
57.png : [35.13781655 35.25199823 35.36590143 35.42981535]
58.png : [32.20067628 32.6098421  32.15758295 32.76893829]
59.png : [30.07729337 30.32794044 30.96206945 31.11409426]
6.png : [24.90040773 24.86306275 24.8759723  25.02548763]
60.png : [24.56463247 25.39362988 24.63398276 25.13802062]
61.png : [30.07403163 28.57484856 29.32277513 29.68156982]
62.png : [25.63825342 25.27868947 26.10468268 26.07630151]
63.png : [24.29052979 24.29328844 24.55341531 24.47833247]
64.png : [29.82874886 29.95143233 29.59126588 29.95486493]
65.png : [29.83199096 29.92866133 30.07665575 30.07494817]
67.png : [21.97629948 21.22094851 21.37083921 21.94880532]
7.png : [34.16576008 34.22327441 34.358714   34.34798407]
70.png : [24.00696981 24.154337   24.20095817 24.20014182]
71.png : [30.81777201 30.8870725  30.93441315 30.9849159 ]
72.png : [25.32561191 25.42600567 25.63954662 25.82701632]
73.png : [23.61078404 23.83327915 23.78606233 23.92175608]
74.png : [28.40381045 28.70709165 28.62755247 28.8448917 ]
75.png : [37.87138896 38.2407627  38.15239591 38.3879212 ]
76.png : [28.20066817 28.51050644 28.38986511 28.54922013]
77.png : [24.64415327 24.72069516 24.82002956 24.7983899 ]
78.png : [32.35708103 32.70464946 32.85321899 32.87958234]
79.png : [28.11501327 28.2036877  28.3375624  28.35897914]
87.png : [33.21423785 33.3841629  33.66434979 33.77832718]
Average PSNRs
[30.20563508 30.33617215 30.42655465 30.55299433]
Test MAIN on dataset: /data/jjh_backup/1_3/testset/BSDS100
1.png : [25.68245414 25.6941001  25.7037171  25.71658771]
10.png : [32.31410402 32.33947168 32.36785282 32.36392436]
100.png : [27.52425136 27.61760469 27.57268113 27.6317386 ]
11.png : [27.02030178 26.94447591 27.11638685 27.18562434]
12.png : [32.16413087 32.17759654 32.19672799 32.21793034]
13.png : [34.1592571  34.19449044 34.19889844 34.21848435]
14.png : [32.14969608 32.17726766 32.16902632 32.23596807]
15.png : [27.70701642 27.70547266 27.76708837 27.74335122]
16.png : [30.14321473 30.17140275 30.27198265 30.2854174 ]
17.png : [36.65760765 36.65517488 36.68770291 36.70490459]
18.png : [34.63901899 34.80200586 34.76569662 34.78570813]
19.png : [27.97506187 28.02504645 28.08362972 28.06932477]
2.png : [31.23921541 31.27906219 31.29051737 31.31431451]
20.png : [27.83446688 27.89378635 27.89733968 27.90095174]
21.png : [24.98277965 25.02452185 25.01284332 25.05884265]
22.png : [26.8698037  26.92355879 26.95152553 27.00894302]
23.png : [26.25787286 26.22609099 26.25545995 26.25897512]
24.png : [29.1105601  29.15457201 29.1657192  29.18653242]
25.png : [30.96083862 30.93407273 30.9978416  31.00270217]
26.png : [30.27881397 30.28921719 30.30283528 30.31673848]
27.png : [30.52284278 30.57740081 30.56829633 30.59335341]
28.png : [33.46252044 33.55290348 33.58484839 33.58535136]
29.png : [34.26669394 34.3624163  34.4523903  34.44419851]
3.png : [28.43343124 28.44789686 28.50078218 28.53470767]
30.png : [21.67004713 21.68105028 21.68055265 21.69557021]
31.png : [32.59462967 32.59449    32.65105673 32.64434552]
32.png : [23.59694202 23.64366867 23.68173431 23.69209495]
33.png : [28.70438054 28.70363814 28.74839689 28.74315324]
34.png : [26.51377169 26.56682531 26.61333656 26.61591456]
35.png : [38.42306196 38.40448495 38.43308036 38.49424973]
36.png : [29.70977701 29.7527832  29.76471257 29.77186495]
37.png : [29.2246331  29.23745802 29.22485091 29.24990786]
38.png : [29.92815506 29.95277944 29.98859008 29.98528038]
39.png : [32.55345806 32.50244994 32.68093484 32.65437291]
4.png : [34.29276258 34.16446168 34.31267333 34.31424823]
40.png : [41.01011258 41.36848268 41.38741937 41.44656194]
41.png : [29.40568044 29.49823495 29.58402374 29.5947996 ]
42.png : [27.85185277 27.87910868 27.88214891 27.92646773]
43.png : [29.01529292 29.0155956  29.04491595 29.09419555]
44.png : [31.59818713 31.77127723 31.7744423  31.79250565]
45.png : [28.58193266 28.68351481 28.75049096 28.80962379]
46.png : [37.85471147 37.84435181 37.92338309 37.95802815]
47.png : [25.62029485 25.68969177 25.69979749 25.70693504]
48.png : [27.55528818 27.55545232 27.57532237 27.57877289]
49.png : [30.85238739 30.84412817 31.11870181 31.05127294]
5.png : [28.72646795 28.72918571 28.73761157 28.7509441 ]
50.png : [34.29761662 34.30624828 34.32138593 34.32918333]
51.png : [27.06316137 27.03939801 27.11174082 27.10326772]
52.png : [26.90374556 27.4576964  27.29680862 27.38573647]
53.png : [34.03735395 33.95564055 34.02917003 34.04168986]
54.png : [34.65483204 34.59329069 34.64359562 34.65622253]
55.png : [31.41627693 31.54639728 31.59601775 31.58738241]
56.png : [28.63399808 28.58236126 28.63393717 28.66130767]
57.png : [22.93465092 22.9562174  22.98317072 22.9730169 ]
58.png : [29.48668084 29.49417856 29.51240665 29.51850018]
59.png : [33.85493875 33.87207657 33.82242756 33.86717341]
6.png : [36.48280937 36.57335794 36.54428334 36.58781011]
60.png : [32.81373653 32.83125201 32.84029811 32.85729501]
61.png : [33.65940163 33.68654791 33.68287988 33.6990231 ]
62.png : [31.20784252 31.21759715 31.26275229 31.26358003]
63.png : [39.43338438 39.51472791 39.6372811  39.65172852]
64.png : [26.97288683 26.95180518 27.03582528 27.01549033]
65.png : [28.29346981 28.2992533  28.31823225 28.32292572]
66.png : [31.1954341  31.21965374 31.2326554  31.2323811 ]
67.png : [43.68139383 43.60144471 43.72980241 43.78468809]
68.png : [23.8153429  23.84096199 23.8768222  23.87342186]
69.png : [24.6248381  24.61572026 24.65119768 24.6561966 ]
7.png : [30.23250065 30.26886401 30.22518524 30.2806991 ]
70.png : [32.89619174 32.97855106 33.00355593 33.03642593]
71.png : [34.37595073 34.47969707 34.47585026 34.5318136 ]
72.png : [28.47325593 28.46300382 28.49115894 28.50142089]
73.png : [29.52484698 29.529315   29.51522195 29.53771574]
74.png : [28.2211885  28.27018985 28.28637409 28.27985437]
75.png : [26.60833286 26.63847222 26.57495838 26.67724378]
76.png : [32.38857814 32.39102064 32.46639466 32.4382276 ]
77.png : [25.61978218 25.64632598 25.61719722 25.64138353]
78.png : [32.87997287 32.99883659 33.03614924 33.01502702]
79.png : [35.73745259 35.92094078 35.87412408 35.96524955]
8.png : [25.54349907 25.5570147  25.57267381 25.57939737]
80.png : [32.02303205 32.06183062 32.06987695 32.07633872]
81.png : [38.71978    38.71337705 38.85890467 38.80774037]
82.png : [30.15723791 30.19374756 30.22363889 30.21967319]
83.png : [24.22889653 24.24420961 24.2582022  24.26751176]
84.png : [23.3492254  23.37511521 23.4962665  23.44553272]
85.png : [27.00057645 26.91769299 26.96041268 27.02151986]
86.png : [27.17163959 27.18654528 27.25093939 27.22932301]
87.png : [29.34350384 29.31972518 29.33289124 29.34793785]
88.png : [34.54028503 34.56139311 34.61648598 34.61006924]
89.png : [28.93399225 28.94118561 28.95210748 28.95880221]
9.png : [30.52905572 30.54764827 30.6462294  30.60535296]
90.png : [29.27253224 29.28475598 29.35903878 29.3632839 ]
91.png : [31.6223894  31.62352189 31.70207309 31.68132615]
92.png : [30.6955422  30.93611002 30.9365886  31.03905763]
93.png : [35.81820561 35.87529789 35.86905165 35.89645781]
94.png : [28.91069054 29.04269936 29.04038296 29.04395071]
95.png : [30.88611136 31.13351596 31.2470444  31.25237131]
96.png : [23.1131177  23.1440555  23.07669121 23.13892297]
97.png : [28.57679646 28.58303141 28.57894498 28.59011536]
98.png : [29.0281743  29.00803178 29.04840174 29.05045873]
99.png : [29.33789824 29.36544493 29.36710967 29.39925302]
Average PSNRs
[30.28863812 30.32609717 30.35932784 30.37533164]
Test MAIN on dataset: /data/jjh_backup/1_3/testset/Manga109
58.png : [37.46800024 37.61962389 37.77389942 37.88526917]
101.png : [32.67537447 32.8126475  32.83309991 32.91442146]
100.png : [28.70916552 28.8045357  29.10548448 29.10763044]
70.png : [34.26756166 34.47454466 34.88136628 34.67577039]
103.png : [42.78747185 42.89300709 43.08810249 43.18788636]
102.png : [32.05446447 32.33836061 32.33435011 32.45188993]
71.png : [30.26102645 30.31111504 30.26411663 30.33826102]
105.png : [36.61360181 37.04967731 37.10421464 37.28130585]
73.png : [39.69975441 39.87450736 39.90386812 40.03759814]
106.png : [34.19598817 34.30916658 34.3035689  34.39880574]
74.png : [35.29331304 35.49298799 35.62389202 35.69385539]
107.png : [41.09101585 41.24508886 41.33439193 41.3326552 ]
75.png : [34.49456629 34.56332399 34.70659091 34.73947771]
108.png : [36.62605836 36.7506017  36.74776421 36.81827576]
76.png : [36.41305851 36.71812364 36.71032326 36.86929845]
109.png : [36.46023535 36.72763102 36.75065912 36.90112137]
77.png : [36.26671585 36.61896572 36.61289887 36.65437508]
11.png : [35.94684779 35.8144741  36.16046622 36.27156543]
78.png : [30.1534371  29.58581165 30.09746505 30.08837019]
12.png : [33.80748586 33.89830899 34.01970069 34.04536659]
79.png : [36.58887492 36.88167032 36.91004733 37.02335973]
15.png : [36.46098759 37.01631243 37.1830693  37.17083513]
8.png : [31.70978274 31.76093198 31.83821703 31.94825458]
14.png : [36.43417554 36.60168745 36.73309154 36.78523651]
13.png : [37.70621824 37.99676735 37.92718973 38.09910149]
80.png : [37.92746736 38.08214282 38.24037032 38.29504922]
16.png : [33.76500941 33.81683856 33.8884427  33.9777981 ]
82.png : [37.21659731 37.32088772 37.39708022 37.45468627]
17.png : [36.10389635 36.1518408  36.41168325 36.45358248]
83.png : [37.619248   37.85073123 37.96478888 38.08376005]
18.png : [40.53427307 40.57619614 40.84929675 40.94034097]
84.png : [34.41584869 34.56700816 34.94648477 34.96630216]
19.png : [35.85396274 36.16909913 36.27958956 36.27696237]
88.png : [39.49068819 39.63688406 39.73885596 39.88952734]
2.png : [35.16665666 35.19768447 35.21191204 35.23356344]
85.png : [38.59241463 38.78914223 38.77957041 38.92206039]
20.png : [39.37650081 39.41687992 39.71185941 39.84639073]
86.png : [32.67476931 32.80994931 32.84700864 32.86618625]
87.png : [40.93473863 40.9920861  41.12420244 41.19017654]
89.png : [36.35861391 36.58187722 36.73960498 36.80678632]
22.png : [37.17273449 37.26557539 37.37631464 37.46964839]
9.png : [36.65995246 36.76368932 36.79325246 36.95825469]
25.png : [34.33995681 34.50659219 34.7319519  34.8024313 ]
91.png : [35.21121248 35.52128359 35.66418846 35.7194562 ]
24.png : [41.37853334 41.79042104 41.6198734  41.90118608]
23.png : [36.64169484 36.81978024 36.94536212 37.02077469]
90.png : [28.6610339  28.90858032 29.08244266 29.03298348]
26.png : [36.76197655 36.84531826 37.02226917 37.06956743]
92.png : [30.48928675 30.38094431 31.01371458 30.89647744]
27.png : [42.79753104 42.69587362 42.94501095 43.05875545]
93.png : [24.90552623 24.97817188 25.10705668 25.14804235]
28.png : [36.5859027  36.63389562 36.74826993 36.79726327]
94.png : [39.66655658 39.65892545 40.07921407 40.1019121 ]
29.png : [39.93371472 40.10981998 40.15742689 40.33319852]
98.png : [33.74506905 33.90729576 34.00229742 34.22504325]
3.png : [34.28093771 34.57316699 34.51148918 34.66043732]
95.png : [30.92123609 31.13130982 31.16688615 31.24572641]
30.png : [37.33872576 37.38669904 37.4723861  37.57393843]
96.png : [35.48034903 35.27213731 35.65891843 35.76982399]
97.png : [36.43531153 36.34032018 36.50164596 36.48954944]
99.png : [30.12216921 30.31399868 30.28476684 30.34723625]
32.png : [34.10970271 34.24400373 34.53503621 34.70747267]
35.png : [31.60414908 31.7366216  31.8070156  31.85259146]
34.png : [32.53627008 32.63227195 32.7251343  32.72299009]
1.png : [33.75983804 33.99467326 34.08421296 34.12570881]
33.png : [37.79285448 37.916185   37.93743349 38.02901273]
10.png : [33.97902039 34.47931557 34.52182603 34.57751696]
36.png : [37.67131876 37.74069191 37.78572017 37.91559482]
104.png : [35.72562921 35.92345507 35.99184791 36.13865312]
57.png : [35.94370296 35.8581087  35.9297905  36.17664511]
21.png : [37.59521109 37.51978262 37.78523778 37.84182727]
59.png : [26.54781491 26.56340859 26.66105156 26.71962542]
31.png : [34.54847762 34.64096814 34.97395755 35.14844419]
37.png : [31.03863955 31.14938302 31.22742874 31.26244294]
6.png : [35.27191518 35.40181776 35.4310392  35.52743244]
38.png : [40.45576038 40.50039379 40.6164934  40.78779686]
7.png : [39.98054113 40.27903252 40.40912453 40.53767894]
39.png : [40.84230957 41.13061882 41.12424501 41.23172133]
72.png : [40.68075669 40.72524001 40.91121662 41.0097015 ]
4.png : [42.29123955 42.36148393 42.43828317 42.48581691]
81.png : [35.59071308 35.6938418  35.76580672 35.87152728]
40.png : [33.40920576 33.42291003 33.62984354 33.69756705]
41.png : [33.55800587 33.79095696 33.83102549 33.8674136 ]
42.png : [38.71329575 38.77138058 38.99281657 39.03911307]
43.png : [26.7045396  26.49071633 27.02635074 27.07745626]
44.png : [42.58096457 42.64524904 42.77216262 42.96757785]
45.png : [27.91793833 28.0252964  28.35420019 28.27231619]
46.png : [33.55628186 33.63176443 33.75610521 33.83141487]
47.png : [39.69093811 39.84753558 39.95848741 39.98888357]
48.png : [31.53104373 31.83676823 31.78515575 31.9524211 ]
49.png : [35.150852   35.38810161 35.46022527 35.56162501]
5.png : [42.08337797 41.3011785  42.77965362 42.1719259 ]
50.png : [31.59494862 31.7850425  31.80624766 31.88686301]
51.png : [35.77884179 35.9651562  36.10828029 36.18346772]
52.png : [38.93589384 38.96018144 38.82334471 39.16171192]
53.png : [40.63019492 40.68501749 40.72061802 40.72854604]
54.png : [41.52318119 41.62699769 41.75048363 41.8697708 ]
55.png : [25.88627851 25.96746299 25.93893872 26.01473797]
56.png : [40.17876601 40.49628403 40.63338    40.78095853]
60.png : [38.14938416 38.1306978  38.35435984 38.41846755]
61.png : [38.48702669 38.62269498 38.0503511  38.65724103]
62.png : [37.01946015 37.16054678 37.27954725 37.407814  ]
63.png : [39.33482843 39.40934766 39.42422158 39.56377611]
64.png : [38.77719339 38.91112894 38.91504274 39.02972585]
65.png : [29.44920837 29.80948916 30.24961479 30.13125313]
66.png : [38.10860668 38.09142318 38.37385738 38.44176469]
67.png : [38.76295993 38.81269758 38.9710921  39.05590394]
68.png : [37.55845482 37.69783228 37.82241849 37.92107063]
69.png : [34.31841225 34.49468121 34.57662856 34.67211068]
Average PSNRs
[35.84496538 35.96507117 36.09880442 36.17952262]
